This file contains any messages produced by compilers while
running configure, to aid debugging if configure makes a mistake.

It was created by HMMER configure 3.0, which was
generated by GNU Autoconf 2.63.  Invocation command line was

  $ ./configure --with-gsl --enable-sse

## --------- ##
## Platform. ##
## --------- ##

hostname = Maximegalon.local
uname -m = i386
uname -r = 10.7.0
uname -s = Darwin
uname -v = Darwin Kernel Version 10.7.0: Sat Jan 29 15:17:16 PST 2011; root:xnu-1504.9.37~1/RELEASE_I386

/usr/bin/uname -p = i386
/bin/uname -X     = unknown

/bin/arch              = unknown
/usr/bin/arch -k       = unknown
/usr/convex/getsysinfo = unknown
/usr/bin/hostinfo      = Mach kernel version:
	 Darwin Kernel Version 10.7.0: Sat Jan 29 15:17:16 PST 2011; root:xnu-1504.9.37~1/RELEASE_I386
Kernel configured for up to 2 processors.
2 processors are physically available.
2 processors are logically available.
Processor type: i486 (Intel 80486)
Processors active: 0 1
Primary memory available: 4.00 gigabytes
Default processor set: 112 tasks, 613 threads, 2 processors
Load average: 0.82, Mach factor: 1.17
/bin/machine           = unknown
/usr/bin/oslevel       = unknown
/bin/universe          = unknown

PATH: /usr/local/bin
PATH: /Users/Lance/Android/android-sdk-mac_86/platform-tools
PATH: /Users/Lance/Android/android-sdk-mac_86/tools
PATH: /usr/bin
PATH: /bin
PATH: /usr/sbin
PATH: /sbin
PATH: /usr/local/bin
PATH: /usr/texbin
PATH: /usr/X11/bin


## ----------- ##
## Core tests. ##
## ----------- ##

configure:1855: Configuring HMMER for your system.
configure:2000: checking build system type
configure:2018: result: i386-apple-darwin10.7.0
configure:2040: checking host system type
configure:2055: result: i386-apple-darwin10.7.0
configure:2088: Full HMMER source distribution - using full configuration
configure:2277: checking for gcc
configure:2293: found /usr/bin/gcc
configure:2304: result: gcc
configure:2536: checking for C compiler version
configure:2544: gcc --version >&5
i686-apple-darwin10-gcc-4.2.1 (GCC) 4.2.1 (Apple Inc. build 5664)
Copyright (C) 2007 Free Software Foundation, Inc.
This is free software; see the source for copying conditions.  There is NO
warranty; not even for MERCHANTABILITY or FITNESS FOR A PARTICULAR PURPOSE.

configure:2548: $? = 0
configure:2555: gcc -v >&5
Using built-in specs.
Target: i686-apple-darwin10
Configured with: /var/tmp/gcc/gcc-5664~105/src/configure --disable-checking --enable-werror --prefix=/usr --mandir=/share/man --enable-languages=c,objc,c++,obj-c++ --program-transform-name=/^[cg][^.-]*$/s/$/-4.2/ --with-slibdir=/usr/lib --build=i686-apple-darwin10 --program-prefix=i686-apple-darwin10- --host=x86_64-apple-darwin10 --target=i686-apple-darwin10 --with-gxx-include-dir=/include/c++/4.2.1
Thread model: posix
gcc version 4.2.1 (Apple Inc. build 5664)
configure:2559: $? = 0
configure:2566: gcc -V >&5
gcc-4.2: argument to `-V' is missing
configure:2570: $? = 1
configure:2593: checking for C compiler default output file name
configure:2615: gcc    conftest.c  >&5
configure:2619: $? = 0
configure:2657: result: a.out
configure:2676: checking whether the C compiler works
configure:2686: ./a.out
configure:2690: $? = 0
configure:2709: result: yes
configure:2716: checking whether we are cross compiling
configure:2718: result: no
configure:2721: checking for suffix of executables
configure:2728: gcc -o conftest    conftest.c  >&5
configure:2732: $? = 0
configure:2758: result: 
configure:2764: checking for suffix of object files
configure:2790: gcc -c   conftest.c >&5
configure:2794: $? = 0
configure:2819: result: o
configure:2823: checking whether we are using the GNU C compiler
configure:2852: gcc -c   conftest.c >&5
configure:2859: $? = 0
configure:2876: result: yes
configure:2885: checking whether gcc accepts -g
configure:2915: gcc -c -g  conftest.c >&5
configure:2922: $? = 0
configure:3023: result: yes
configure:3040: checking for gcc option to accept ISO C89
configure:3114: gcc  -c -g -O2  conftest.c >&5
configure:3121: $? = 0
configure:3144: result: none needed
configure:3164: checking for C compiler vendor
configure:3198: gcc -c -g -O2  conftest.c >&5
conftest.c: In function 'main':
conftest.c:25: error: 'thisisanerror' undeclared (first use in this function)
conftest.c:25: error: (Each undeclared identifier is reported only once
conftest.c:25: error: for each function it appears in.)
configure:3205: $? = 1
configure: failed program was:
| /* confdefs.h.  */
| #define PACKAGE_NAME "HMMER"
| #define PACKAGE_TARNAME "hmmer"
| #define PACKAGE_VERSION "3.0"
| #define PACKAGE_STRING "HMMER 3.0"
| #define PACKAGE_BUGREPORT "eddys@janelia.hhmi.org"
| #define HMMER_DATE "March 2010"
| #define HMMER_COPYRIGHT "Copyright (C) 2010 Howard Hughes Medical Institute."
| #define HMMER_LICENSE "Freely distributed under the GNU General Public License (GPLv3)."
| #define HMMER_VERSION "3.0"
| #define HMMER_URL "http://hmmer.org/"
| #define EASEL_DATE "March 2010"
| #define EASEL_COPYRIGHT "Copyright (C) 2010 Howard Hughes Medical Institute."
| #define EASEL_LICENSE "Freely distributed under the Janelia Farm Software License."
| #define EASEL_VERSION "h3.0"
| #define eslLIBRARY 1
| #define eslDEBUGLEVEL 0
| /* end confdefs.h.  */
| 
| int
| main ()
| {
| 
| #if !(defined(__ICC) || defined(__ECC) || defined(__INTEL_COMPILER))
|       thisisanerror;
| #endif
| 
|   ;
|   return 0;
| }
configure:3198: gcc -c -g -O2  conftest.c >&5
conftest.c: In function 'main':
conftest.c:25: error: 'thisisanerror' undeclared (first use in this function)
conftest.c:25: error: (Each undeclared identifier is reported only once
conftest.c:25: error: for each function it appears in.)
configure:3205: $? = 1
configure: failed program was:
| /* confdefs.h.  */
| #define PACKAGE_NAME "HMMER"
| #define PACKAGE_TARNAME "hmmer"
| #define PACKAGE_VERSION "3.0"
| #define PACKAGE_STRING "HMMER 3.0"
| #define PACKAGE_BUGREPORT "eddys@janelia.hhmi.org"
| #define HMMER_DATE "March 2010"
| #define HMMER_COPYRIGHT "Copyright (C) 2010 Howard Hughes Medical Institute."
| #define HMMER_LICENSE "Freely distributed under the GNU General Public License (GPLv3)."
| #define HMMER_VERSION "3.0"
| #define HMMER_URL "http://hmmer.org/"
| #define EASEL_DATE "March 2010"
| #define EASEL_COPYRIGHT "Copyright (C) 2010 Howard Hughes Medical Institute."
| #define EASEL_LICENSE "Freely distributed under the Janelia Farm Software License."
| #define EASEL_VERSION "h3.0"
| #define eslLIBRARY 1
| #define eslDEBUGLEVEL 0
| /* end confdefs.h.  */
| 
| int
| main ()
| {
| 
| #if !(defined(__xlc__) || defined(__xlC__) || defined(__IBMC__) || defined(__IBMCPP__))
|       thisisanerror;
| #endif
| 
|   ;
|   return 0;
| }
configure:3198: gcc -c -g -O2  conftest.c >&5
conftest.c: In function 'main':
conftest.c:25: error: 'thisisanerror' undeclared (first use in this function)
conftest.c:25: error: (Each undeclared identifier is reported only once
conftest.c:25: error: for each function it appears in.)
configure:3205: $? = 1
configure: failed program was:
| /* confdefs.h.  */
| #define PACKAGE_NAME "HMMER"
| #define PACKAGE_TARNAME "hmmer"
| #define PACKAGE_VERSION "3.0"
| #define PACKAGE_STRING "HMMER 3.0"
| #define PACKAGE_BUGREPORT "eddys@janelia.hhmi.org"
| #define HMMER_DATE "March 2010"
| #define HMMER_COPYRIGHT "Copyright (C) 2010 Howard Hughes Medical Institute."
| #define HMMER_LICENSE "Freely distributed under the GNU General Public License (GPLv3)."
| #define HMMER_VERSION "3.0"
| #define HMMER_URL "http://hmmer.org/"
| #define EASEL_DATE "March 2010"
| #define EASEL_COPYRIGHT "Copyright (C) 2010 Howard Hughes Medical Institute."
| #define EASEL_LICENSE "Freely distributed under the Janelia Farm Software License."
| #define EASEL_VERSION "h3.0"
| #define eslLIBRARY 1
| #define eslDEBUGLEVEL 0
| /* end confdefs.h.  */
| 
| int
| main ()
| {
| 
| #if !(defined(__PATHCC__) || defined(__PATHSCALE__))
|       thisisanerror;
| #endif
| 
|   ;
|   return 0;
| }
configure:3198: gcc -c -g -O2  conftest.c >&5
configure:3205: $? = 0
configure:3222: result: gnu
configure:3462: checking for the pthreads library -lpthreads
configure:3505: gcc -o conftest -g -O2    conftest.c -lpthreads  >&5
ld: library not found for -lpthreads
collect2: ld returned 1 exit status
configure:3512: $? = 1
configure: failed program was:
| /* confdefs.h.  */
| #define PACKAGE_NAME "HMMER"
| #define PACKAGE_TARNAME "hmmer"
| #define PACKAGE_VERSION "3.0"
| #define PACKAGE_STRING "HMMER 3.0"
| #define PACKAGE_BUGREPORT "eddys@janelia.hhmi.org"
| #define HMMER_DATE "March 2010"
| #define HMMER_COPYRIGHT "Copyright (C) 2010 Howard Hughes Medical Institute."
| #define HMMER_LICENSE "Freely distributed under the GNU General Public License (GPLv3)."
| #define HMMER_VERSION "3.0"
| #define HMMER_URL "http://hmmer.org/"
| #define EASEL_DATE "March 2010"
| #define EASEL_COPYRIGHT "Copyright (C) 2010 Howard Hughes Medical Institute."
| #define EASEL_LICENSE "Freely distributed under the Janelia Farm Software License."
| #define EASEL_VERSION "h3.0"
| #define eslLIBRARY 1
| #define eslDEBUGLEVEL 0
| /* end confdefs.h.  */
| #include <pthread.h>
| int
| main ()
| {
| pthread_t th; pthread_join(th, 0);
|                      pthread_attr_init(0); pthread_cleanup_push(0, 0);
|                      pthread_create(0,0,0,0); pthread_cleanup_pop(0);
|   ;
|   return 0;
| }
configure:3535: result: no
configure:3407: checking whether pthreads work without any flags
configure:3505: gcc -o conftest -g -O2    conftest.c   >&5
configure:3512: $? = 0
configure:3535: result: yes
configure:3555: checking for joinable pthread attribute
configure:3578: gcc -o conftest -g -O2    conftest.c   >&5
configure:3585: $? = 0
configure:3660: result: PTHREAD_CREATE_JOINABLE
configure:3667: checking if more special flags are required for pthreads
configure:3674: result: no
configure:3686: checking for cc_r
configure:3714: result: gcc
configure:3791: Enabling hooks into the GNU Scientific Library (GSL)
configure:3890: checking for gcc
configure:3917: result: gcc
configure:4149: checking for C compiler version
configure:4157: gcc --version >&5
i686-apple-darwin10-gcc-4.2.1 (GCC) 4.2.1 (Apple Inc. build 5664)
Copyright (C) 2007 Free Software Foundation, Inc.
This is free software; see the source for copying conditions.  There is NO
warranty; not even for MERCHANTABILITY or FITNESS FOR A PARTICULAR PURPOSE.

configure:4161: $? = 0
configure:4168: gcc -v >&5
Using built-in specs.
Target: i686-apple-darwin10
Configured with: /var/tmp/gcc/gcc-5664~105/src/configure --disable-checking --enable-werror --prefix=/usr --mandir=/share/man --enable-languages=c,objc,c++,obj-c++ --program-transform-name=/^[cg][^.-]*$/s/$/-4.2/ --with-slibdir=/usr/lib --build=i686-apple-darwin10 --program-prefix=i686-apple-darwin10- --host=x86_64-apple-darwin10 --target=i686-apple-darwin10 --with-gxx-include-dir=/include/c++/4.2.1
Thread model: posix
gcc version 4.2.1 (Apple Inc. build 5664)
configure:4172: $? = 0
configure:4179: gcc -V >&5
gcc-4.2: argument to `-V' is missing
configure:4183: $? = 1
configure:4186: checking whether we are using the GNU C compiler
configure:4239: result: yes
configure:4248: checking whether gcc accepts -g
configure:4386: result: yes
configure:4403: checking for gcc option to accept ISO C89
configure:4507: result: none needed
configure:4894: checking how to run the C preprocessor
configure:4934: gcc -E  conftest.c
configure:4941: $? = 0
configure:4972: gcc -E  conftest.c
conftest.c:21:28: error: ac_nonexistent.h: No such file or directory
configure:4979: $? = 1
configure: failed program was:
| /* confdefs.h.  */
| #define PACKAGE_NAME "HMMER"
| #define PACKAGE_TARNAME "hmmer"
| #define PACKAGE_VERSION "3.0"
| #define PACKAGE_STRING "HMMER 3.0"
| #define PACKAGE_BUGREPORT "eddys@janelia.hhmi.org"
| #define HMMER_DATE "March 2010"
| #define HMMER_COPYRIGHT "Copyright (C) 2010 Howard Hughes Medical Institute."
| #define HMMER_LICENSE "Freely distributed under the GNU General Public License (GPLv3)."
| #define HMMER_VERSION "3.0"
| #define HMMER_URL "http://hmmer.org/"
| #define EASEL_DATE "March 2010"
| #define EASEL_COPYRIGHT "Copyright (C) 2010 Howard Hughes Medical Institute."
| #define EASEL_LICENSE "Freely distributed under the Janelia Farm Software License."
| #define EASEL_VERSION "h3.0"
| #define eslLIBRARY 1
| #define eslDEBUGLEVEL 0
| #define HMMER_THREADS 1
| #define HAVE_PTHREADS 1
| /* end confdefs.h.  */
| #include <ac_nonexistent.h>
configure:5012: result: gcc -E
configure:5041: gcc -E  conftest.c
configure:5048: $? = 0
configure:5079: gcc -E  conftest.c
conftest.c:21:28: error: ac_nonexistent.h: No such file or directory
configure:5086: $? = 1
configure: failed program was:
| /* confdefs.h.  */
| #define PACKAGE_NAME "HMMER"
| #define PACKAGE_TARNAME "hmmer"
| #define PACKAGE_VERSION "3.0"
| #define PACKAGE_STRING "HMMER 3.0"
| #define PACKAGE_BUGREPORT "eddys@janelia.hhmi.org"
| #define HMMER_DATE "March 2010"
| #define HMMER_COPYRIGHT "Copyright (C) 2010 Howard Hughes Medical Institute."
| #define HMMER_LICENSE "Freely distributed under the GNU General Public License (GPLv3)."
| #define HMMER_VERSION "3.0"
| #define HMMER_URL "http://hmmer.org/"
| #define EASEL_DATE "March 2010"
| #define EASEL_COPYRIGHT "Copyright (C) 2010 Howard Hughes Medical Institute."
| #define EASEL_LICENSE "Freely distributed under the Janelia Farm Software License."
| #define EASEL_VERSION "h3.0"
| #define eslLIBRARY 1
| #define eslDEBUGLEVEL 0
| #define HMMER_THREADS 1
| #define HAVE_PTHREADS 1
| /* end confdefs.h.  */
| #include <ac_nonexistent.h>
configure:5126: checking for C compiler vendor
configure:5184: result: gnu
configure:5191: checking for gcc option to accept ISO C99
configure:5350: gcc  -c -g -O2  conftest.c >&5
conftest.c:71: error: expected ';', ',' or ')' before 'text'
conftest.c: In function 'main':
conftest.c:125: error: nested functions are disabled, use -fnested-functions to re-enable
conftest.c:125: error: expected '=', ',', ';', 'asm' or '__attribute__' before 'newvar'
conftest.c:125: error: 'newvar' undeclared (first use in this function)
conftest.c:125: error: (Each undeclared identifier is reported only once
conftest.c:125: error: for each function it appears in.)
conftest.c:135: error: 'for' loop initial declaration used outside C99 mode
configure:5357: $? = 1
configure: failed program was:
| /* confdefs.h.  */
| #define PACKAGE_NAME "HMMER"
| #define PACKAGE_TARNAME "hmmer"
| #define PACKAGE_VERSION "3.0"
| #define PACKAGE_STRING "HMMER 3.0"
| #define PACKAGE_BUGREPORT "eddys@janelia.hhmi.org"
| #define HMMER_DATE "March 2010"
| #define HMMER_COPYRIGHT "Copyright (C) 2010 Howard Hughes Medical Institute."
| #define HMMER_LICENSE "Freely distributed under the GNU General Public License (GPLv3)."
| #define HMMER_VERSION "3.0"
| #define HMMER_URL "http://hmmer.org/"
| #define EASEL_DATE "March 2010"
| #define EASEL_COPYRIGHT "Copyright (C) 2010 Howard Hughes Medical Institute."
| #define EASEL_LICENSE "Freely distributed under the Janelia Farm Software License."
| #define EASEL_VERSION "h3.0"
| #define eslLIBRARY 1
| #define eslDEBUGLEVEL 0
| #define HMMER_THREADS 1
| #define HAVE_PTHREADS 1
| /* end confdefs.h.  */
| #include <stdarg.h>
| #include <stdbool.h>
| #include <stdlib.h>
| #include <wchar.h>
| #include <stdio.h>
| 
| // Check varargs macros.  These examples are taken from C99 6.10.3.5.
| #define debug(...) fprintf (stderr, __VA_ARGS__)
| #define showlist(...) puts (#__VA_ARGS__)
| #define report(test,...) ((test) ? puts (#test) : printf (__VA_ARGS__))
| static void
| test_varargs_macros (void)
| {
|   int x = 1234;
|   int y = 5678;
|   debug ("Flag");
|   debug ("X = %d\n", x);
|   showlist (The first, second, and third items.);
|   report (x>y, "x is %d but y is %d", x, y);
| }
| 
| // Check long long types.
| #define BIG64 18446744073709551615ull
| #define BIG32 4294967295ul
| #define BIG_OK (BIG64 / BIG32 == 4294967297ull && BIG64 % BIG32 == 0)
| #if !BIG_OK
|   your preprocessor is broken;
| #endif
| #if BIG_OK
| #else
|   your preprocessor is broken;
| #endif
| static long long int bignum = -9223372036854775807LL;
| static unsigned long long int ubignum = BIG64;
| 
| struct incomplete_array
| {
|   int datasize;
|   double data[];
| };
| 
| struct named_init {
|   int number;
|   const wchar_t *name;
|   double average;
| };
| 
| typedef const char *ccp;
| 
| static inline int
| test_restrict (ccp restrict text)
| {
|   // See if C++-style comments work.
|   // Iterate through items via the restricted pointer.
|   // Also check for declarations in for loops.
|   for (unsigned int i = 0; *(text+i) != '\0'; ++i)
|     continue;
|   return 0;
| }
| 
| // Check varargs and va_copy.
| static void
| test_varargs (const char *format, ...)
| {
|   va_list args;
|   va_start (args, format);
|   va_list args_copy;
|   va_copy (args_copy, args);
| 
|   const char *str;
|   int number;
|   float fnumber;
| 
|   while (*format)
|     {
|       switch (*format++)
| 	{
| 	case 's': // string
| 	  str = va_arg (args_copy, const char *);
| 	  break;
| 	case 'd': // int
| 	  number = va_arg (args_copy, int);
| 	  break;
| 	case 'f': // float
| 	  fnumber = va_arg (args_copy, double);
| 	  break;
| 	default:
| 	  break;
| 	}
|     }
|   va_end (args_copy);
|   va_end (args);
| }
| 
| int
| main ()
| {
| 
|   // Check bool.
|   _Bool success = false;
| 
|   // Check restrict.
|   if (test_restrict ("String literal") == 0)
|     success = true;
|   char *restrict newvar = "Another string";
| 
|   // Check varargs.
|   test_varargs ("s, d' f .", "string", 65, 34.234);
|   test_varargs_macros ();
| 
|   // Check flexible array members.
|   struct incomplete_array *ia =
|     malloc (sizeof (struct incomplete_array) + (sizeof (double) * 10));
|   ia->datasize = 10;
|   for (int i = 0; i < ia->datasize; ++i)
|     ia->data[i] = i * 1.234;
| 
|   // Check named initializers.
|   struct named_init ni = {
|     .number = 34,
|     .name = L"Test wide string",
|     .average = 543.34343,
|   };
| 
|   ni.number = 58;
| 
|   int dynamic_array[ni.number];
|   dynamic_array[ni.number - 1] = 543;
| 
|   // work around unused variable warnings
|   return (!success || bignum == 0LL || ubignum == 0uLL || newvar[0] == 'x'
| 	  || dynamic_array[ni.number - 1] != 543);
| 
|   ;
|   return 0;
| }
configure:5350: gcc -std=gnu99 -c -g -O2  conftest.c >&5
configure:5357: $? = 0
configure:5387: result: -std=gnu99
configure:5518: checking for gcc -std=gnu99 option to accept ISO Standard C
configure:5529: result: -std=gnu99
configure:5578: checking for ranlib
configure:5594: found /usr/bin/ranlib
configure:5605: result: ranlib
configure:5629: checking for ar
configure:5648: found /usr/bin/ar
configure:5661: result: /usr/bin/ar
configure:5670: checking whether your make is GNU make
configure:5678: result: yes, it is.
configure:6070: checking whether C compiler accepts -malign-double
configure:6099: gcc -std=gnu99 -c -malign-double  conftest.c >&5
conftest.c:1: error: -malign-double makes no sense in the 64bit mode
configure:6106: $? = 1
configure: failed program was:
| /* confdefs.h.  */
| #define PACKAGE_NAME "HMMER"
| #define PACKAGE_TARNAME "hmmer"
| #define PACKAGE_VERSION "3.0"
| #define PACKAGE_STRING "HMMER 3.0"
| #define PACKAGE_BUGREPORT "eddys@janelia.hhmi.org"
| #define HMMER_DATE "March 2010"
| #define HMMER_COPYRIGHT "Copyright (C) 2010 Howard Hughes Medical Institute."
| #define HMMER_LICENSE "Freely distributed under the GNU General Public License (GPLv3)."
| #define HMMER_VERSION "3.0"
| #define HMMER_URL "http://hmmer.org/"
| #define EASEL_DATE "March 2010"
| #define EASEL_COPYRIGHT "Copyright (C) 2010 Howard Hughes Medical Institute."
| #define EASEL_LICENSE "Freely distributed under the Janelia Farm Software License."
| #define EASEL_VERSION "h3.0"
| #define eslLIBRARY 1
| #define eslDEBUGLEVEL 0
| #define HMMER_THREADS 1
| #define HAVE_PTHREADS 1
| /* end confdefs.h.  */
| 
| int
| main ()
| {
| 
|   ;
|   return 0;
| }
configure:6124: result: no
configure:6134: checking whether C compiler accepts -fstrict-aliasing
configure:6163: gcc -std=gnu99 -c -fstrict-aliasing  conftest.c >&5
configure:6170: $? = 0
configure:6188: result: yes
configure:6213: checking for gcc architecture flag
configure:6215: result: 
configure:6237: checking for x86 cpuid 0 output
configure:6276: gcc -std=gnu99 -o conftest -O3 -fomit-frame-pointer -fstrict-aliasing   conftest.c  >&5
configure:6280: $? = 0
configure:6286: ./conftest
configure:6290: $? = 0
configure:6307: result: d:756e6547:6c65746e:49656e69
configure:6323: checking for x86 cpuid 1 output
configure:6362: gcc -std=gnu99 -o conftest -O3 -fomit-frame-pointer -fstrict-aliasing   conftest.c  >&5
configure:6366: $? = 0
configure:6372: ./conftest
configure:6376: $? = 0
configure:6393: result: 1067a:20800:408e3fd:bfebfbff
configure:6638: checking whether C compiler accepts -march=pentium3
configure:6663: gcc -std=gnu99 -c -march=pentium3  conftest.c >&5
conftest.c:1: error: CPU you selected does not support x86-64 instruction set
conftest.c:1: error: CPU you selected does not support x86-64 instruction set
configure:6670: $? = 1
configure: failed program was:
| /* confdefs.h.  */
| #define PACKAGE_NAME "HMMER"
| #define PACKAGE_TARNAME "hmmer"
| #define PACKAGE_VERSION "3.0"
| #define PACKAGE_STRING "HMMER 3.0"
| #define PACKAGE_BUGREPORT "eddys@janelia.hhmi.org"
| #define HMMER_DATE "March 2010"
| #define HMMER_COPYRIGHT "Copyright (C) 2010 Howard Hughes Medical Institute."
| #define HMMER_LICENSE "Freely distributed under the GNU General Public License (GPLv3)."
| #define HMMER_VERSION "3.0"
| #define HMMER_URL "http://hmmer.org/"
| #define EASEL_DATE "March 2010"
| #define EASEL_COPYRIGHT "Copyright (C) 2010 Howard Hughes Medical Institute."
| #define EASEL_LICENSE "Freely distributed under the Janelia Farm Software License."
| #define EASEL_VERSION "h3.0"
| #define eslLIBRARY 1
| #define eslDEBUGLEVEL 0
| #define HMMER_THREADS 1
| #define HAVE_PTHREADS 1
| /* end confdefs.h.  */
| 
| int
| main ()
| {
| 
|   ;
|   return 0;
| }
configure:6686: result: no
configure:6638: checking whether C compiler accepts -mcpu=pentium3
configure:6663: gcc -std=gnu99 -c -mcpu=pentium3  conftest.c >&5
cc1: error: unrecognized command line option "-mcpu=pentium3"
configure:6670: $? = 1
configure: failed program was:
| /* confdefs.h.  */
| #define PACKAGE_NAME "HMMER"
| #define PACKAGE_TARNAME "hmmer"
| #define PACKAGE_VERSION "3.0"
| #define PACKAGE_STRING "HMMER 3.0"
| #define PACKAGE_BUGREPORT "eddys@janelia.hhmi.org"
| #define HMMER_DATE "March 2010"
| #define HMMER_COPYRIGHT "Copyright (C) 2010 Howard Hughes Medical Institute."
| #define HMMER_LICENSE "Freely distributed under the GNU General Public License (GPLv3)."
| #define HMMER_VERSION "3.0"
| #define HMMER_URL "http://hmmer.org/"
| #define EASEL_DATE "March 2010"
| #define EASEL_COPYRIGHT "Copyright (C) 2010 Howard Hughes Medical Institute."
| #define EASEL_LICENSE "Freely distributed under the Janelia Farm Software License."
| #define EASEL_VERSION "h3.0"
| #define eslLIBRARY 1
| #define eslDEBUGLEVEL 0
| #define HMMER_THREADS 1
| #define HAVE_PTHREADS 1
| /* end confdefs.h.  */
| 
| int
| main ()
| {
| 
|   ;
|   return 0;
| }
configure:6686: result: no
configure:6638: checking whether C compiler accepts -mpentium3
configure:6663: gcc -std=gnu99 -c -mpentium3  conftest.c >&5
cc1: error: unrecognized command line option "-mpentium3"
configure:6670: $? = 1
configure: failed program was:
| /* confdefs.h.  */
| #define PACKAGE_NAME "HMMER"
| #define PACKAGE_TARNAME "hmmer"
| #define PACKAGE_VERSION "3.0"
| #define PACKAGE_STRING "HMMER 3.0"
| #define PACKAGE_BUGREPORT "eddys@janelia.hhmi.org"
| #define HMMER_DATE "March 2010"
| #define HMMER_COPYRIGHT "Copyright (C) 2010 Howard Hughes Medical Institute."
| #define HMMER_LICENSE "Freely distributed under the GNU General Public License (GPLv3)."
| #define HMMER_VERSION "3.0"
| #define HMMER_URL "http://hmmer.org/"
| #define EASEL_DATE "March 2010"
| #define EASEL_COPYRIGHT "Copyright (C) 2010 Howard Hughes Medical Institute."
| #define EASEL_LICENSE "Freely distributed under the Janelia Farm Software License."
| #define EASEL_VERSION "h3.0"
| #define eslLIBRARY 1
| #define eslDEBUGLEVEL 0
| #define HMMER_THREADS 1
| #define HAVE_PTHREADS 1
| /* end confdefs.h.  */
| 
| int
| main ()
| {
| 
|   ;
|   return 0;
| }
configure:6686: result: no
configure:6638: checking whether C compiler accepts -march=pentiumpro
configure:6663: gcc -std=gnu99 -c -march=pentiumpro  conftest.c >&5
conftest.c:1: error: CPU you selected does not support x86-64 instruction set
conftest.c:1: error: CPU you selected does not support x86-64 instruction set
configure:6670: $? = 1
configure: failed program was:
| /* confdefs.h.  */
| #define PACKAGE_NAME "HMMER"
| #define PACKAGE_TARNAME "hmmer"
| #define PACKAGE_VERSION "3.0"
| #define PACKAGE_STRING "HMMER 3.0"
| #define PACKAGE_BUGREPORT "eddys@janelia.hhmi.org"
| #define HMMER_DATE "March 2010"
| #define HMMER_COPYRIGHT "Copyright (C) 2010 Howard Hughes Medical Institute."
| #define HMMER_LICENSE "Freely distributed under the GNU General Public License (GPLv3)."
| #define HMMER_VERSION "3.0"
| #define HMMER_URL "http://hmmer.org/"
| #define EASEL_DATE "March 2010"
| #define EASEL_COPYRIGHT "Copyright (C) 2010 Howard Hughes Medical Institute."
| #define EASEL_LICENSE "Freely distributed under the Janelia Farm Software License."
| #define EASEL_VERSION "h3.0"
| #define eslLIBRARY 1
| #define eslDEBUGLEVEL 0
| #define HMMER_THREADS 1
| #define HAVE_PTHREADS 1
| /* end confdefs.h.  */
| 
| int
| main ()
| {
| 
|   ;
|   return 0;
| }
configure:6686: result: no
configure:6638: checking whether C compiler accepts -mcpu=pentiumpro
configure:6663: gcc -std=gnu99 -c -mcpu=pentiumpro  conftest.c >&5
cc1: error: unrecognized command line option "-mcpu=pentiumpro"
configure:6670: $? = 1
configure: failed program was:
| /* confdefs.h.  */
| #define PACKAGE_NAME "HMMER"
| #define PACKAGE_TARNAME "hmmer"
| #define PACKAGE_VERSION "3.0"
| #define PACKAGE_STRING "HMMER 3.0"
| #define PACKAGE_BUGREPORT "eddys@janelia.hhmi.org"
| #define HMMER_DATE "March 2010"
| #define HMMER_COPYRIGHT "Copyright (C) 2010 Howard Hughes Medical Institute."
| #define HMMER_LICENSE "Freely distributed under the GNU General Public License (GPLv3)."
| #define HMMER_VERSION "3.0"
| #define HMMER_URL "http://hmmer.org/"
| #define EASEL_DATE "March 2010"
| #define EASEL_COPYRIGHT "Copyright (C) 2010 Howard Hughes Medical Institute."
| #define EASEL_LICENSE "Freely distributed under the Janelia Farm Software License."
| #define EASEL_VERSION "h3.0"
| #define eslLIBRARY 1
| #define eslDEBUGLEVEL 0
| #define HMMER_THREADS 1
| #define HAVE_PTHREADS 1
| /* end confdefs.h.  */
| 
| int
| main ()
| {
| 
|   ;
|   return 0;
| }
configure:6686: result: no
configure:6638: checking whether C compiler accepts -mpentiumpro
configure:6663: gcc -std=gnu99 -c -mpentiumpro  conftest.c >&5
configure:6670: $? = 0
configure:6686: result: yes
configure:6703: checking for gcc architecture flag
configure:6705: result: -mpentiumpro
configure:6727: checking whether C compiler accepts -O3 -fomit-frame-pointer -fstrict-aliasing -mpentiumpro
configure:6752: gcc -std=gnu99 -c -O3 -fomit-frame-pointer -fstrict-aliasing -mpentiumpro  conftest.c >&5
configure:6759: $? = 0
configure:6775: result: yes
configure:6806: checking whether C compiler accepts -msse2
configure:6835: gcc -std=gnu99 -c -msse2  conftest.c >&5
configure:6842: $? = 0
configure:6860: result: yes
configure:7329: checking compiler support for sse2 cast functions
configure:7364: gcc -std=gnu99 -c -O3 -fomit-frame-pointer -fstrict-aliasing -mpentiumpro -msse2  conftest.c >&5
configure:7371: $? = 0
configure:7389: result: yes
configure:7401: checking whether SSE2 is supported
configure:7434: gcc -std=gnu99 -c -O3 -fomit-frame-pointer -fstrict-aliasing -mpentiumpro -msse2  conftest.c >&5
configure:7441: $? = 0
configure:7446: result: yes
configure:7540: checking whether _MM_SET_FLUSH_ZERO_MODE is supported
configure:7566: gcc -std=gnu99 -c -O3 -fomit-frame-pointer -fstrict-aliasing -mpentiumpro -msse2  conftest.c >&5
configure:7573: $? = 0
configure:7578: result: yes
configure:7599: Activating Intel/AMD SSE optimized DP implementation
configure:7646: checking compiler support --start-group
configure:7671: gcc -std=gnu99 -o conftest -O3 -fomit-frame-pointer -fstrict-aliasing -mpentiumpro  -Wl,--start-group -Wl,--end-group  conftest.c  >&5
ld: unknown option: --start-group
collect2: ld returned 1 exit status
configure:7678: $? = 1
configure: failed program was:
| /* confdefs.h.  */
| #define PACKAGE_NAME "HMMER"
| #define PACKAGE_TARNAME "hmmer"
| #define PACKAGE_VERSION "3.0"
| #define PACKAGE_STRING "HMMER 3.0"
| #define PACKAGE_BUGREPORT "eddys@janelia.hhmi.org"
| #define HMMER_DATE "March 2010"
| #define HMMER_COPYRIGHT "Copyright (C) 2010 Howard Hughes Medical Institute."
| #define HMMER_LICENSE "Freely distributed under the GNU General Public License (GPLv3)."
| #define HMMER_VERSION "3.0"
| #define HMMER_URL "http://hmmer.org/"
| #define EASEL_DATE "March 2010"
| #define EASEL_COPYRIGHT "Copyright (C) 2010 Howard Hughes Medical Institute."
| #define EASEL_LICENSE "Freely distributed under the Janelia Farm Software License."
| #define EASEL_VERSION "h3.0"
| #define eslLIBRARY 1
| #define eslDEBUGLEVEL 0
| #define HMMER_THREADS 1
| #define HAVE_PTHREADS 1
| #define HAVE_SSE2_CAST 1
| #define HAVE_FLUSH_ZERO_MODE 1
| #define HAVE_SSE2 1
| #define p7_IMPL_SSE 1
| /* end confdefs.h.  */
| 
| int
| main ()
| {
| 
|   ;
|   return 0;
| }
configure:7694: result: no
configure:7714: checking for gsl_expm1 in -lgsl
configure:7750: gcc -std=gnu99 -o conftest -O3 -fomit-frame-pointer -fstrict-aliasing -mpentiumpro   conftest.c -lgsl -lgslcblas
          >&5
configure:7757: $? = 0
configure:7778: result: yes
configure:7808: checking for grep that handles long lines and -e
configure:7868: result: /usr/bin/grep
configure:7873: checking for egrep
configure:7937: result: /usr/bin/grep -E
configure:7942: checking for ANSI C header files
configure:7972: gcc -std=gnu99 -c -O3 -fomit-frame-pointer -fstrict-aliasing -mpentiumpro  conftest.c >&5
configure:7979: $? = 0
configure:8078: gcc -std=gnu99 -o conftest -O3 -fomit-frame-pointer -fstrict-aliasing -mpentiumpro   conftest.c  >&5
configure:8082: $? = 0
configure:8088: ./conftest
configure:8092: $? = 0
configure:8110: result: yes
configure:8134: checking for sys/types.h
configure:8155: gcc -std=gnu99 -c -O3 -fomit-frame-pointer -fstrict-aliasing -mpentiumpro  conftest.c >&5
configure:8162: $? = 0
configure:8179: result: yes
configure:8134: checking for sys/stat.h
configure:8155: gcc -std=gnu99 -c -O3 -fomit-frame-pointer -fstrict-aliasing -mpentiumpro  conftest.c >&5
configure:8162: $? = 0
configure:8179: result: yes
configure:8134: checking for stdlib.h
configure:8155: gcc -std=gnu99 -c -O3 -fomit-frame-pointer -fstrict-aliasing -mpentiumpro  conftest.c >&5
configure:8162: $? = 0
configure:8179: result: yes
configure:8134: checking for string.h
configure:8155: gcc -std=gnu99 -c -O3 -fomit-frame-pointer -fstrict-aliasing -mpentiumpro  conftest.c >&5
configure:8162: $? = 0
configure:8179: result: yes
configure:8134: checking for memory.h
configure:8155: gcc -std=gnu99 -c -O3 -fomit-frame-pointer -fstrict-aliasing -mpentiumpro  conftest.c >&5
configure:8162: $? = 0
configure:8179: result: yes
configure:8134: checking for strings.h
configure:8155: gcc -std=gnu99 -c -O3 -fomit-frame-pointer -fstrict-aliasing -mpentiumpro  conftest.c >&5
configure:8162: $? = 0
configure:8179: result: yes
configure:8134: checking for inttypes.h
configure:8155: gcc -std=gnu99 -c -O3 -fomit-frame-pointer -fstrict-aliasing -mpentiumpro  conftest.c >&5
configure:8162: $? = 0
configure:8179: result: yes
configure:8134: checking for stdint.h
configure:8155: gcc -std=gnu99 -c -O3 -fomit-frame-pointer -fstrict-aliasing -mpentiumpro  conftest.c >&5
configure:8162: $? = 0
configure:8179: result: yes
configure:8134: checking for unistd.h
configure:8155: gcc -std=gnu99 -c -O3 -fomit-frame-pointer -fstrict-aliasing -mpentiumpro  conftest.c >&5
configure:8162: $? = 0
configure:8179: result: yes
configure:8203: checking for sys/types.h
configure:8210: result: yes
configure:8214: checking sys/sysctl.h usability
configure:8231: gcc -std=gnu99 -c -O3 -fomit-frame-pointer -fstrict-aliasing -mpentiumpro  conftest.c >&5
configure:8238: $? = 0
configure:8252: result: yes
configure:8256: checking sys/sysctl.h presence
configure:8271: gcc -E  conftest.c
configure:8278: $? = 0
configure:8292: result: yes
configure:8325: checking for sys/sysctl.h
configure:8334: result: yes
configure:8203: checking for unistd.h
configure:8210: result: yes
configure:8203: checking for stdint.h
configure:8210: result: yes
configure:8203: checking for inttypes.h
configure:8210: result: yes
configure:8214: checking endian.h usability
configure:8231: gcc -std=gnu99 -c -O3 -fomit-frame-pointer -fstrict-aliasing -mpentiumpro  conftest.c >&5
conftest.c:74:20: error: endian.h: No such file or directory
configure:8238: $? = 1
configure: failed program was:
| /* confdefs.h.  */
| #define PACKAGE_NAME "HMMER"
| #define PACKAGE_TARNAME "hmmer"
| #define PACKAGE_VERSION "3.0"
| #define PACKAGE_STRING "HMMER 3.0"
| #define PACKAGE_BUGREPORT "eddys@janelia.hhmi.org"
| #define HMMER_DATE "March 2010"
| #define HMMER_COPYRIGHT "Copyright (C) 2010 Howard Hughes Medical Institute."
| #define HMMER_LICENSE "Freely distributed under the GNU General Public License (GPLv3)."
| #define HMMER_VERSION "3.0"
| #define HMMER_URL "http://hmmer.org/"
| #define EASEL_DATE "March 2010"
| #define EASEL_COPYRIGHT "Copyright (C) 2010 Howard Hughes Medical Institute."
| #define EASEL_LICENSE "Freely distributed under the Janelia Farm Software License."
| #define EASEL_VERSION "h3.0"
| #define eslLIBRARY 1
| #define eslDEBUGLEVEL 0
| #define HMMER_THREADS 1
| #define HAVE_PTHREADS 1
| #define HAVE_SSE2_CAST 1
| #define HAVE_FLUSH_ZERO_MODE 1
| #define HAVE_SSE2 1
| #define p7_IMPL_SSE 1
| #define HAVE_LIBGSL 1
| #define STDC_HEADERS 1
| #define HAVE_SYS_TYPES_H 1
| #define HAVE_SYS_STAT_H 1
| #define HAVE_STDLIB_H 1
| #define HAVE_STRING_H 1
| #define HAVE_MEMORY_H 1
| #define HAVE_STRINGS_H 1
| #define HAVE_INTTYPES_H 1
| #define HAVE_STDINT_H 1
| #define HAVE_UNISTD_H 1
| #define HAVE_SYS_TYPES_H 1
| #define HAVE_SYS_SYSCTL_H 1
| #define HAVE_UNISTD_H 1
| #define HAVE_STDINT_H 1
| #define HAVE_INTTYPES_H 1
| /* end confdefs.h.  */
| #include <stdio.h>
| #ifdef HAVE_SYS_TYPES_H
| # include <sys/types.h>
| #endif
| #ifdef HAVE_SYS_STAT_H
| # include <sys/stat.h>
| #endif
| #ifdef STDC_HEADERS
| # include <stdlib.h>
| # include <stddef.h>
| #else
| # ifdef HAVE_STDLIB_H
| #  include <stdlib.h>
| # endif
| #endif
| #ifdef HAVE_STRING_H
| # if !defined STDC_HEADERS && defined HAVE_MEMORY_H
| #  include <memory.h>
| # endif
| # include <string.h>
| #endif
| #ifdef HAVE_STRINGS_H
| # include <strings.h>
| #endif
| #ifdef HAVE_INTTYPES_H
| # include <inttypes.h>
| #endif
| #ifdef HAVE_STDINT_H
| # include <stdint.h>
| #endif
| #ifdef HAVE_UNISTD_H
| # include <unistd.h>
| #endif
| #include <endian.h>
configure:8252: result: no
configure:8256: checking endian.h presence
configure:8271: gcc -E  conftest.c
conftest.c:41:20: error: endian.h: No such file or directory
configure:8278: $? = 1
configure: failed program was:
| /* confdefs.h.  */
| #define PACKAGE_NAME "HMMER"
| #define PACKAGE_TARNAME "hmmer"
| #define PACKAGE_VERSION "3.0"
| #define PACKAGE_STRING "HMMER 3.0"
| #define PACKAGE_BUGREPORT "eddys@janelia.hhmi.org"
| #define HMMER_DATE "March 2010"
| #define HMMER_COPYRIGHT "Copyright (C) 2010 Howard Hughes Medical Institute."
| #define HMMER_LICENSE "Freely distributed under the GNU General Public License (GPLv3)."
| #define HMMER_VERSION "3.0"
| #define HMMER_URL "http://hmmer.org/"
| #define EASEL_DATE "March 2010"
| #define EASEL_COPYRIGHT "Copyright (C) 2010 Howard Hughes Medical Institute."
| #define EASEL_LICENSE "Freely distributed under the Janelia Farm Software License."
| #define EASEL_VERSION "h3.0"
| #define eslLIBRARY 1
| #define eslDEBUGLEVEL 0
| #define HMMER_THREADS 1
| #define HAVE_PTHREADS 1
| #define HAVE_SSE2_CAST 1
| #define HAVE_FLUSH_ZERO_MODE 1
| #define HAVE_SSE2 1
| #define p7_IMPL_SSE 1
| #define HAVE_LIBGSL 1
| #define STDC_HEADERS 1
| #define HAVE_SYS_TYPES_H 1
| #define HAVE_SYS_STAT_H 1
| #define HAVE_STDLIB_H 1
| #define HAVE_STRING_H 1
| #define HAVE_MEMORY_H 1
| #define HAVE_STRINGS_H 1
| #define HAVE_INTTYPES_H 1
| #define HAVE_STDINT_H 1
| #define HAVE_UNISTD_H 1
| #define HAVE_SYS_TYPES_H 1
| #define HAVE_SYS_SYSCTL_H 1
| #define HAVE_UNISTD_H 1
| #define HAVE_STDINT_H 1
| #define HAVE_INTTYPES_H 1
| /* end confdefs.h.  */
| #include <endian.h>
configure:8292: result: no
configure:8325: checking for endian.h
configure:8334: result: no
configure:8515: checking whether byte ordering is bigendian
configure:8540: gcc -std=gnu99 -c -O3 -fomit-frame-pointer -fstrict-aliasing -mpentiumpro  conftest.c >&5
configure:8547: $? = 0
configure:8597: gcc -std=gnu99 -c -O3 -fomit-frame-pointer -fstrict-aliasing -mpentiumpro  conftest.c >&5
configure:8604: $? = 0
configure:8636: gcc -std=gnu99 -c -O3 -fomit-frame-pointer -fstrict-aliasing -mpentiumpro  conftest.c >&5
conftest.c: In function 'main':
conftest.c:48: error: 'not' undeclared (first use in this function)
conftest.c:48: error: (Each undeclared identifier is reported only once
conftest.c:48: error: for each function it appears in.)
conftest.c:48: error: expected ';' before 'big'
configure:8643: $? = 1
configure: failed program was:
| /* confdefs.h.  */
| #define PACKAGE_NAME "HMMER"
| #define PACKAGE_TARNAME "hmmer"
| #define PACKAGE_VERSION "3.0"
| #define PACKAGE_STRING "HMMER 3.0"
| #define PACKAGE_BUGREPORT "eddys@janelia.hhmi.org"
| #define HMMER_DATE "March 2010"
| #define HMMER_COPYRIGHT "Copyright (C) 2010 Howard Hughes Medical Institute."
| #define HMMER_LICENSE "Freely distributed under the GNU General Public License (GPLv3)."
| #define HMMER_VERSION "3.0"
| #define HMMER_URL "http://hmmer.org/"
| #define EASEL_DATE "March 2010"
| #define EASEL_COPYRIGHT "Copyright (C) 2010 Howard Hughes Medical Institute."
| #define EASEL_LICENSE "Freely distributed under the Janelia Farm Software License."
| #define EASEL_VERSION "h3.0"
| #define eslLIBRARY 1
| #define eslDEBUGLEVEL 0
| #define HMMER_THREADS 1
| #define HAVE_PTHREADS 1
| #define HAVE_SSE2_CAST 1
| #define HAVE_FLUSH_ZERO_MODE 1
| #define HAVE_SSE2 1
| #define p7_IMPL_SSE 1
| #define HAVE_LIBGSL 1
| #define STDC_HEADERS 1
| #define HAVE_SYS_TYPES_H 1
| #define HAVE_SYS_STAT_H 1
| #define HAVE_STDLIB_H 1
| #define HAVE_STRING_H 1
| #define HAVE_MEMORY_H 1
| #define HAVE_STRINGS_H 1
| #define HAVE_INTTYPES_H 1
| #define HAVE_STDINT_H 1
| #define HAVE_UNISTD_H 1
| #define HAVE_SYS_TYPES_H 1
| #define HAVE_SYS_SYSCTL_H 1
| #define HAVE_UNISTD_H 1
| #define HAVE_STDINT_H 1
| #define HAVE_INTTYPES_H 1
| /* end confdefs.h.  */
| #include <sys/types.h>
| 		#include <sys/param.h>
| 
| int
| main ()
| {
| #if BYTE_ORDER != BIG_ENDIAN
| 		 not big endian
| 		#endif
| 
|   ;
|   return 0;
| }
configure:8895: result: no
configure:8921: checking for uint8_t
configure:8952: gcc -std=gnu99 -c -O3 -fomit-frame-pointer -fstrict-aliasing -mpentiumpro  conftest.c >&5
configure:8959: $? = 0
configure:8980: result: yes
configure:8998: checking for uint16_t
configure:9029: gcc -std=gnu99 -c -O3 -fomit-frame-pointer -fstrict-aliasing -mpentiumpro  conftest.c >&5
configure:9036: $? = 0
configure:9057: result: yes
configure:9071: checking for uint32_t
configure:9102: gcc -std=gnu99 -c -O3 -fomit-frame-pointer -fstrict-aliasing -mpentiumpro  conftest.c >&5
configure:9109: $? = 0
configure:9130: result: yes
configure:9148: checking for uint64_t
configure:9179: gcc -std=gnu99 -c -O3 -fomit-frame-pointer -fstrict-aliasing -mpentiumpro  conftest.c >&5
configure:9186: $? = 0
configure:9207: result: yes
configure:9224: checking for off_t
configure:9252: gcc -std=gnu99 -c -O3 -fomit-frame-pointer -fstrict-aliasing -mpentiumpro  conftest.c >&5
configure:9259: $? = 0
configure:9286: gcc -std=gnu99 -c -O3 -fomit-frame-pointer -fstrict-aliasing -mpentiumpro  conftest.c >&5
conftest.c: In function 'main':
conftest.c:77: error: expected expression before ')' token
configure:9293: $? = 1
configure: failed program was:
| /* confdefs.h.  */
| #define PACKAGE_NAME "HMMER"
| #define PACKAGE_TARNAME "hmmer"
| #define PACKAGE_VERSION "3.0"
| #define PACKAGE_STRING "HMMER 3.0"
| #define PACKAGE_BUGREPORT "eddys@janelia.hhmi.org"
| #define HMMER_DATE "March 2010"
| #define HMMER_COPYRIGHT "Copyright (C) 2010 Howard Hughes Medical Institute."
| #define HMMER_LICENSE "Freely distributed under the GNU General Public License (GPLv3)."
| #define HMMER_VERSION "3.0"
| #define HMMER_URL "http://hmmer.org/"
| #define EASEL_DATE "March 2010"
| #define EASEL_COPYRIGHT "Copyright (C) 2010 Howard Hughes Medical Institute."
| #define EASEL_LICENSE "Freely distributed under the Janelia Farm Software License."
| #define EASEL_VERSION "h3.0"
| #define eslLIBRARY 1
| #define eslDEBUGLEVEL 0
| #define HMMER_THREADS 1
| #define HAVE_PTHREADS 1
| #define HAVE_SSE2_CAST 1
| #define HAVE_FLUSH_ZERO_MODE 1
| #define HAVE_SSE2 1
| #define p7_IMPL_SSE 1
| #define HAVE_LIBGSL 1
| #define STDC_HEADERS 1
| #define HAVE_SYS_TYPES_H 1
| #define HAVE_SYS_STAT_H 1
| #define HAVE_STDLIB_H 1
| #define HAVE_STRING_H 1
| #define HAVE_MEMORY_H 1
| #define HAVE_STRINGS_H 1
| #define HAVE_INTTYPES_H 1
| #define HAVE_STDINT_H 1
| #define HAVE_UNISTD_H 1
| #define HAVE_SYS_TYPES_H 1
| #define HAVE_SYS_SYSCTL_H 1
| #define HAVE_UNISTD_H 1
| #define HAVE_STDINT_H 1
| #define HAVE_INTTYPES_H 1
| /* end confdefs.h.  */
| #include <stdio.h>
| #ifdef HAVE_SYS_TYPES_H
| # include <sys/types.h>
| #endif
| #ifdef HAVE_SYS_STAT_H
| # include <sys/stat.h>
| #endif
| #ifdef STDC_HEADERS
| # include <stdlib.h>
| # include <stddef.h>
| #else
| # ifdef HAVE_STDLIB_H
| #  include <stdlib.h>
| # endif
| #endif
| #ifdef HAVE_STRING_H
| # if !defined STDC_HEADERS && defined HAVE_MEMORY_H
| #  include <memory.h>
| # endif
| # include <string.h>
| #endif
| #ifdef HAVE_STRINGS_H
| # include <strings.h>
| #endif
| #ifdef HAVE_INTTYPES_H
| # include <inttypes.h>
| #endif
| #ifdef HAVE_STDINT_H
| # include <stdint.h>
| #endif
| #ifdef HAVE_UNISTD_H
| # include <unistd.h>
| #endif
| int
| main ()
| {
| if (sizeof ((off_t)))
| 	  return 0;
|   ;
|   return 0;
| }
configure:9316: result: yes
configure:9335: checking for mkstemp
configure:9391: gcc -std=gnu99 -o conftest -O3 -fomit-frame-pointer -fstrict-aliasing -mpentiumpro   conftest.c  >&5
configure:9398: $? = 0
configure:9420: result: yes
configure:9436: checking for popen
configure:9492: gcc -std=gnu99 -o conftest -O3 -fomit-frame-pointer -fstrict-aliasing -mpentiumpro   conftest.c  >&5
configure:9499: $? = 0
configure:9521: result: yes
configure:9537: checking for strcasecmp
configure:9593: gcc -std=gnu99 -o conftest -O3 -fomit-frame-pointer -fstrict-aliasing -mpentiumpro   conftest.c  >&5
conftest.c:66: warning: conflicting types for built-in function 'strcasecmp'
configure:9600: $? = 0
configure:9622: result: yes
configure:9638: checking for times
configure:9694: gcc -std=gnu99 -o conftest -O3 -fomit-frame-pointer -fstrict-aliasing -mpentiumpro   conftest.c  >&5
configure:9701: $? = 0
configure:9723: result: yes
configure:9739: checking for getpid
configure:9795: gcc -std=gnu99 -o conftest -O3 -fomit-frame-pointer -fstrict-aliasing -mpentiumpro   conftest.c  >&5
configure:9802: $? = 0
configure:9824: result: yes
configure:9840: checking for sysctl
configure:9896: gcc -std=gnu99 -o conftest -O3 -fomit-frame-pointer -fstrict-aliasing -mpentiumpro   conftest.c  >&5
configure:9903: $? = 0
configure:9925: result: yes
configure:9941: checking for sysconf
configure:9997: gcc -std=gnu99 -o conftest -O3 -fomit-frame-pointer -fstrict-aliasing -mpentiumpro   conftest.c  >&5
configure:10004: $? = 0
configure:10026: result: yes
configure:10043: checking for ntohs
configure:10099: gcc -std=gnu99 -o conftest -O3 -fomit-frame-pointer -fstrict-aliasing -mpentiumpro   conftest.c  >&5
configure:10106: $? = 0
configure:10128: result: yes
configure:10220: checking for ntohl
configure:10276: gcc -std=gnu99 -o conftest -O3 -fomit-frame-pointer -fstrict-aliasing -mpentiumpro   conftest.c  >&5
configure:10283: $? = 0
configure:10305: result: yes
configure:10397: checking for htons
configure:10453: gcc -std=gnu99 -o conftest -O3 -fomit-frame-pointer -fstrict-aliasing -mpentiumpro   conftest.c  >&5
configure:10460: $? = 0
configure:10482: result: yes
configure:10574: checking for htonl
configure:10630: gcc -std=gnu99 -o conftest -O3 -fomit-frame-pointer -fstrict-aliasing -mpentiumpro   conftest.c  >&5
configure:10637: $? = 0
configure:10659: result: yes
configure:10747: checking for _LARGEFILE_SOURCE value needed for large files
configure:10776: gcc -std=gnu99 -o conftest -O3 -fomit-frame-pointer -fstrict-aliasing -mpentiumpro   conftest.c  >&5
configure:10783: $? = 0
configure:10856: result: no
configure:10890: checking for special C compiler options needed for large files
configure:10985: result: no
configure:10991: checking for _FILE_OFFSET_BITS value needed for large files
configure:11026: gcc -std=gnu99 -c -O3 -fomit-frame-pointer -fstrict-aliasing -mpentiumpro  conftest.c >&5
configure:11033: $? = 0
configure:11102: result: no
configure:11388: creating ./config.status

## ---------------------- ##
## Running config.status. ##
## ---------------------- ##

This file was extended by HMMER config.status 3.0, which was
generated by GNU Autoconf 2.63.  Invocation command line was

  CONFIG_FILES    = 
  CONFIG_HEADERS  = 
  CONFIG_LINKS    = 
  CONFIG_COMMANDS = 
  $ ./config.status 

on Maximegalon.local

config.status:807: creating src/Makefile
config.status:807: creating testsuite/Makefile
config.status:807: creating profmark/Makefile
config.status:807: creating src/impl_sse/Makefile
config.status:807: creating easel/miniapps/Makefile
config.status:807: creating easel/testsuite/Makefile
config.status:807: creating easel/Makefile
config.status:807: creating Makefile
config.status:807: creating src/p7_config.h
config.status:807: creating easel/esl_config.h
config.status:1048: linking src/impl_sse to src/impl

## ---------------- ##
## Cache variables. ##
## ---------------- ##

ac_cv_build=i386-apple-darwin10.7.0
ac_cv_c_bigendian=no
ac_cv_c_compiler_gnu=yes
ac_cv_c_uint16_t=yes
ac_cv_c_uint32_t=yes
ac_cv_c_uint64_t=yes
ac_cv_c_uint8_t=yes
ac_cv_env_CC_set=
ac_cv_env_CC_value=
ac_cv_env_CFLAGS_set=
ac_cv_env_CFLAGS_value=
ac_cv_env_CPPFLAGS_set=
ac_cv_env_CPPFLAGS_value=
ac_cv_env_CPP_set=
ac_cv_env_CPP_value=
ac_cv_env_LDFLAGS_set=
ac_cv_env_LDFLAGS_value=
ac_cv_env_LIBS_set=
ac_cv_env_LIBS_value=
ac_cv_env_MPICC_set=
ac_cv_env_MPICC_value=
ac_cv_env_build_alias_set=
ac_cv_env_build_alias_value=
ac_cv_env_host_alias_set=
ac_cv_env_host_alias_value=
ac_cv_env_target_alias_set=
ac_cv_env_target_alias_value=
ac_cv_func_getpid=yes
ac_cv_func_htonl=yes
ac_cv_func_htons=yes
ac_cv_func_mkstemp=yes
ac_cv_func_ntohl=yes
ac_cv_func_ntohs=yes
ac_cv_func_popen=yes
ac_cv_func_strcasecmp=yes
ac_cv_func_sysconf=yes
ac_cv_func_sysctl=yes
ac_cv_func_times=yes
ac_cv_header_endian_h=no
ac_cv_header_inttypes_h=yes
ac_cv_header_memory_h=yes
ac_cv_header_stdc=yes
ac_cv_header_stdint_h=yes
ac_cv_header_stdlib_h=yes
ac_cv_header_string_h=yes
ac_cv_header_strings_h=yes
ac_cv_header_sys_stat_h=yes
ac_cv_header_sys_sysctl_h=yes
ac_cv_header_sys_types_h=yes
ac_cv_header_unistd_h=yes
ac_cv_host=i386-apple-darwin10.7.0
ac_cv_lib_gsl_gsl_expm1=yes
ac_cv_objext=o
ac_cv_path_AR=/usr/bin/ar
ac_cv_path_EGREP='/usr/bin/grep -E'
ac_cv_path_GREP=/usr/bin/grep
ac_cv_prog_CPP='gcc -E'
ac_cv_prog_PTHREAD_CC=gcc
ac_cv_prog_ac_ct_CC=gcc
ac_cv_prog_ac_ct_RANLIB=ranlib
ac_cv_prog_cc_c89=
ac_cv_prog_cc_c99=-std=gnu99
ac_cv_prog_cc_g=yes
ac_cv_prog_cc_stdc=-std=gnu99
ac_cv_sys_file_offset_bits=no
ac_cv_sys_largefile_CC=no
ac_cv_sys_largefile_source=no
ac_cv_type_off_t=yes
ax_cv_c_compiler_vendor=gnu
ax_cv_c_flags__O3__fomit_frame_pointer__fstrict_aliasing__mpentiumpro=yes
ax_cv_c_flags__fstrict_aliasing=yes
ax_cv_c_flags__malign_double=no
ax_cv_c_flags__march_pentium3=no
ax_cv_c_flags__march_pentiumpro=no
ax_cv_c_flags__mcpu_pentium3=no
ax_cv_c_flags__mcpu_pentiumpro=no
ax_cv_c_flags__mpentium3=no
ax_cv_c_flags__mpentiumpro=yes
ax_cv_c_flags__msse2=yes
ax_cv_gcc_archflag=-mpentiumpro
ax_cv_gcc_x86_cpuid_0=d:756e6547:6c65746e:49656e69
ax_cv_gcc_x86_cpuid_1=1067a:20800:408e3fd:bfebfbff

## ----------------- ##
## Output variables. ##
## ----------------- ##

AR='/usr/bin/ar'
CC='gcc -std=gnu99'
CFLAGS='-O3 -fomit-frame-pointer -fstrict-aliasing -mpentiumpro'
CPP='gcc -E'
CPPFLAGS=''
DEFS='-DHAVE_CONFIG_H'
EASEL_COPYRIGHT='Copyright (C) 2010 Howard Hughes Medical Institute.'
EASEL_DATE='March 2010'
EASEL_LICENSE='Freely distributed under the Janelia Farm Software License.'
EASEL_URL='http://bioeasel.org/'
EASEL_VERSION='h3.0'
ECHO_C='\c'
ECHO_N=''
ECHO_T=''
EGREP='/usr/bin/grep -E'
EXEC_DEPENDENCY='%: %.o'
EXEEXT=''
GREP='/usr/bin/grep'
GROUPHMMERLIBS='-lhmmer -lhmmerimpl'
HMMERIMPLLIB='impl_sse/libhmmerimpl.a'
HMMER_COPYRIGHT='Copyright (C) 2010 Howard Hughes Medical Institute.'
HMMER_DATE='March 2010'
HMMER_LICENSE='Freely distributed under the GNU General Public License (GPLv3).'
HMMER_URL='http://hmmer.org/'
HMMER_VERSION='3.0'
IMPL_CHOICE='sse'
LDFLAGS=''
LIBGSL='-lgsl -lgslcblas'
LIBOBJS=''
LIBS=''
LTLIBOBJS=''
MPICC=''
MPILIBS=''
MPI_BENCHMARKS=''
MPI_UTESTS=''
OBJEXT='o'
PACKAGE_BUGREPORT='eddys@janelia.hhmi.org'
PACKAGE_NAME='HMMER'
PACKAGE_STRING='HMMER 3.0'
PACKAGE_TARNAME='hmmer'
PACKAGE_VERSION='3.0'
PATH_SEPARATOR=':'
PRTDIAG=''
PTHREAD_CC='gcc'
PTHREAD_CFLAGS=''
PTHREAD_LIBS=''
RANLIB='ranlib'
SHELL='/bin/sh'
SIMD_CFLAGS='-msse2'
ac_ct_CC='gcc'
acx_pthread_config=''
bindir='${exec_prefix}/bin'
build='i386-apple-darwin10.7.0'
build_alias=''
build_cpu='i386'
build_os='darwin10.7.0'
build_vendor='apple'
datadir='${datarootdir}'
datarootdir='${prefix}/share'
docdir='${datarootdir}/doc/${PACKAGE_TARNAME}'
dvidir='${docdir}'
exec_prefix='${prefix}'
host='i386-apple-darwin10.7.0'
host_alias=''
host_cpu='i386'
host_os='darwin10.7.0'
host_vendor='apple'
htmldir='${docdir}'
includedir='${prefix}/include'
infodir='${datarootdir}/info'
libdir='${exec_prefix}/lib'
libexecdir='${exec_prefix}/libexec'
localedir='${datarootdir}/locale'
localstatedir='${prefix}/var'
mandir='${datarootdir}/man'
oldincludedir='/usr/include'
pdfdir='${docdir}'
prefix='/usr/local'
program_transform_name='s,x,x,'
psdir='${docdir}'
sbindir='${exec_prefix}/sbin'
sharedstatedir='${prefix}/com'
sysconfdir='${prefix}/etc'
target_alias=''

## ----------- ##
## confdefs.h. ##
## ----------- ##

#define PACKAGE_NAME "HMMER"
#define PACKAGE_TARNAME "hmmer"
#define PACKAGE_VERSION "3.0"
#define PACKAGE_STRING "HMMER 3.0"
#define PACKAGE_BUGREPORT "eddys@janelia.hhmi.org"
#define HMMER_DATE "March 2010"
#define HMMER_COPYRIGHT "Copyright (C) 2010 Howard Hughes Medical Institute."
#define HMMER_LICENSE "Freely distributed under the GNU General Public License (GPLv3)."
#define HMMER_VERSION "3.0"
#define HMMER_URL "http://hmmer.org/"
#define EASEL_DATE "March 2010"
#define EASEL_COPYRIGHT "Copyright (C) 2010 Howard Hughes Medical Institute."
#define EASEL_LICENSE "Freely distributed under the Janelia Farm Software License."
#define EASEL_VERSION "h3.0"
#define eslLIBRARY 1
#define eslDEBUGLEVEL 0
#define HMMER_THREADS 1
#define HAVE_PTHREADS 1
#define HAVE_SSE2_CAST 1
#define HAVE_FLUSH_ZERO_MODE 1
#define HAVE_SSE2 1
#define p7_IMPL_SSE 1
#define HAVE_LIBGSL 1
#define STDC_HEADERS 1
#define HAVE_SYS_TYPES_H 1
#define HAVE_SYS_STAT_H 1
#define HAVE_STDLIB_H 1
#define HAVE_STRING_H 1
#define HAVE_MEMORY_H 1
#define HAVE_STRINGS_H 1
#define HAVE_INTTYPES_H 1
#define HAVE_STDINT_H 1
#define HAVE_UNISTD_H 1
#define HAVE_SYS_TYPES_H 1
#define HAVE_SYS_SYSCTL_H 1
#define HAVE_UNISTD_H 1
#define HAVE_STDINT_H 1
#define HAVE_INTTYPES_H 1
#define HAVE_MKSTEMP 1
#define HAVE_POPEN 1
#define HAVE_STRCASECMP 1
#define HAVE_TIMES 1
#define HAVE_GETPID 1
#define HAVE_SYSCTL 1
#define HAVE_SYSCONF 1
#define HAVE_NTOHS 1
#define HAVE_NTOHL 1
#define HAVE_HTONS 1
#define HAVE_HTONL 1
#define HAVE_FSEEKO 1

configure: exit 0
